 * EDET2012 - EMPIRICAL DRAG ESTIMATION TECHNIQUE
 *     THE DELTA METHOD FOR DRAG ESTIMATION
 *  
 *  ORIGINAL METHOD BY RICHARD C. FEAGIN
 *      AND WILLIAM D. MORRISION
 *  
 *  SEE NACA CR-151971, DEC. 1978
 *  
 *  ENHANCED VERSION (C) 2012 T. TAKAHASHI
 *  
 *  FOR NON-COMMERCIAL USE ONLY
 *
 * INPUT FILE ECHO
  1320         9.17      0.107    25.      0.24                                
  2443.         1.5      1.8       0       0                                   
  3743.4        123.25    9.52     1.   -9.9                                   
  0.28                                                                         
  36000     0.7                                                                
 VTAIL                                                                         
  471.         6.41       0.09    0.0000                                       
 HTAIL                                                                         
  484.         10.        0.09    0.0000                                       
 NACELLES                                                                      
  477.1        8.2        8.0     0.0000                                       
                                                                               
 *
 * PARSED INPUTS
 *
 * WING GEOMETRY
 *   S_REF        AR     TC(%)   SW25(deg)   TR(%) 
   1320.00      9.17     10.70     25.00     24.00
 *  WINGSPAN     MAC
    110.02     12.00
 *   S_WET   %CAMBER    AITEK    UPR-(%)LAMINAR-LWR
   2443.00      1.50        2.   0.0            0.0
 *
 * FUSELAGE GEOMETRY
 *  S_WET     S_LEN    BODY_L/D   SBASE    CP_BASE
   3743.40    123.25      9.52      1.00     -9.90
 *  X-AREA (SPI)  1+SBASE/SPI
    131.64      1.01
 *
 * CRUDFACTOR (RECCOMENDED DEFAULT = 0.28)
      0.28
 *
 * REFERENCE CONDITIONS
 * REF_ALT      REF_MACH
  36000.00      0.70
 *
 * EXTRA COMPONENTS
 *
 * COMPONENT         S_WET      LEN      TC/FR    DELTA_CD0
 VTAIL              471.00      6.41      0.09    0.0000
 HTAIL              484.00     10.00      0.09    0.0000
 NACELLES           477.10      8.20      8.00    0.0000
 *
 *
 * **************************************************
 *
 * EDET RESULTS
 *
 * WING DESIGN CONDITIONS
 * DES_MACH   DES_CL
  0.8267  0.5917
 *
 * POST-STALL LONGITIDUAL STABILITY ESTIMATE
 * CRIT_AR         PITCH_BREAK
     5.8        UNSTABLE
 *
 * CD0 BUILD-UP
 * MACH NUMBER    ALTITUDE        REFERENCE AREA     TECHNOLOGY LEVEL
     0.70         36000. FT      1320.00 SQ FT        SUPERCRITICA
 * 
 * COMPONENT              SWET      LENGTH    FINENESS     FORM       RN       CF         CDF
                          SQ FT       FT        RATIO     FACTOR   MILLIONS
 WING                   2443.00      12.00     0.1070      1.440     19.4    0.00254    0.00678
 FUSELAGE               3743.40     123.25     9.5200      1.115    199.7    0.00181    0.00573
  VTAIL                  471.00       6.41     0.0900      1.370     10.4    0.00281    0.00137
  HTAIL                  484.00      10.00     0.0900      1.370     16.2    0.00262    0.00131
  NACELLES               477.10       8.20     8.0000      1.180     13.3    0.00270    0.00115
 ADDITIONAL-CD0                                                                         0.00000
 ADDITIONAL-CD0                                                                         0.00000
 ADDITIONAL-CD0                                                                         0.00000
 CRUD/MISC/BASE                                                                         0.00467
 TOTAL                  7618.50                                              0.00364    0.02102
 * NUMCL
          16
 * NUMMACH
          15
 * NALT
          18
 *
 * CHANGE IN DRAG COEFFICIENT FROM CRUISE ALTITUDE
 * ALTITUDE  MACH_#  DELTA_CD
        0.     0.100     -0.00395
        0.     0.200     -0.00334
        0.     0.300     -0.00304
        0.     0.400     -0.00284
        0.     0.500     -0.00269
        0.     0.600     -0.00257
        0.     0.700     -0.00247
        0.     0.750     -0.00242
        0.     0.780     -0.00240
        0.     0.800     -0.00238
        0.     0.820     -0.00236
        0.     0.840     -0.00235
        0.     0.860     -0.00233
        0.     0.880     -0.00231
        0.     0.900     -0.00230
     5000.     0.100     -0.00351
     5000.     0.200     -0.00297
     5000.     0.300     -0.00270
     5000.     0.400     -0.00252
     5000.     0.500     -0.00239
     5000.     0.600     -0.00228
     5000.     0.700     -0.00219
     5000.     0.750     -0.00215
     5000.     0.780     -0.00213
     5000.     0.800     -0.00211
     5000.     0.820     -0.00210
     5000.     0.840     -0.00208
     5000.     0.860     -0.00207
     5000.     0.880     -0.00206
     5000.     0.900     -0.00204
    10000.     0.100     -0.00305
    10000.     0.200     -0.00258
    10000.     0.300     -0.00234
    10000.     0.400     -0.00219
    10000.     0.500     -0.00207
    10000.     0.600     -0.00198
    10000.     0.700     -0.00190
    10000.     0.750     -0.00186
    10000.     0.780     -0.00184
    10000.     0.800     -0.00183
    10000.     0.820     -0.00182
    10000.     0.840     -0.00180
    10000.     0.860     -0.00179
    10000.     0.880     -0.00178
    10000.     0.900     -0.00177
    15000.     0.100     -0.00255
    15000.     0.200     -0.00215
    15000.     0.300     -0.00196
    15000.     0.400     -0.00183
    15000.     0.500     -0.00173
    15000.     0.600     -0.00165
    15000.     0.700     -0.00159
    15000.     0.750     -0.00156
    15000.     0.780     -0.00154
    15000.     0.800     -0.00153
    15000.     0.820     -0.00152
    15000.     0.840     -0.00151
    15000.     0.860     -0.00150
    15000.     0.880     -0.00149
    15000.     0.900     -0.00148
    20000.     0.100     -0.00202
    20000.     0.200     -0.00170
    20000.     0.300     -0.00154
    20000.     0.400     -0.00144
    20000.     0.500     -0.00137
    20000.     0.600     -0.00130
    20000.     0.700     -0.00125
    20000.     0.750     -0.00123
    20000.     0.780     -0.00121
    20000.     0.800     -0.00121
    20000.     0.820     -0.00120
    20000.     0.840     -0.00119
    20000.     0.860     -0.00118
    20000.     0.880     -0.00117
    20000.     0.900     -0.00116
    25000.     0.100     -0.00144
    25000.     0.200     -0.00121
    25000.     0.300     -0.00110
    25000.     0.400     -0.00103
    25000.     0.500     -0.00097
    25000.     0.600     -0.00093
    25000.     0.700     -0.00089
    25000.     0.750     -0.00088
    25000.     0.780     -0.00087
    25000.     0.800     -0.00086
    25000.     0.820     -0.00085
    25000.     0.840     -0.00085
    25000.     0.860     -0.00084
    25000.     0.880     -0.00084
    25000.     0.900     -0.00083
    30000.     0.100     -0.00082
    30000.     0.200     -0.00069
    30000.     0.300     -0.00062
    30000.     0.400     -0.00058
    30000.     0.500     -0.00055
    30000.     0.600     -0.00053
    30000.     0.700     -0.00051
    30000.     0.750     -0.00050
    30000.     0.780     -0.00049
    30000.     0.800     -0.00049
    30000.     0.820     -0.00048
    30000.     0.840     -0.00048
    30000.     0.860     -0.00048
    30000.     0.880     -0.00047
    30000.     0.900     -0.00047
    35000.     0.100     -0.00014
    35000.     0.200     -0.00012
    35000.     0.300     -0.00011
    35000.     0.400     -0.00010
    35000.     0.500     -0.00010
    35000.     0.600     -0.00009
    35000.     0.700     -0.00009
    35000.     0.750     -0.00009
    35000.     0.780     -0.00008
    35000.     0.800     -0.00008
    35000.     0.820     -0.00008
    35000.     0.840     -0.00008
    35000.     0.860     -0.00008
    35000.     0.880     -0.00008
    35000.     0.900     -0.00008
    40000.     0.100      0.00080
    40000.     0.200      0.00067
    40000.     0.300      0.00060
    40000.     0.400      0.00056
    40000.     0.500      0.00053
    40000.     0.600      0.00050
    40000.     0.700      0.00048
    40000.     0.750      0.00047
    40000.     0.780      0.00047
    40000.     0.800      0.00046
    40000.     0.820      0.00046
    40000.     0.840      0.00046
    40000.     0.860      0.00045
    40000.     0.880      0.00045
    40000.     0.900      0.00045
    45000.     0.100      0.00187
    45000.     0.200      0.00155
    45000.     0.300      0.00140
    45000.     0.400      0.00130
    45000.     0.500      0.00123
    45000.     0.600      0.00117
    45000.     0.700      0.00112
    45000.     0.750      0.00110
    45000.     0.780      0.00109
    45000.     0.800      0.00108
    45000.     0.820      0.00107
    45000.     0.840      0.00106
    45000.     0.860      0.00106
    45000.     0.880      0.00105
    45000.     0.900      0.00104
    50000.     0.100      0.00301
    50000.     0.200      0.00250
    50000.     0.300      0.00225
    50000.     0.400      0.00209
    50000.     0.500      0.00197
    50000.     0.600      0.00188
    50000.     0.700      0.00180
    50000.     0.750      0.00176
    50000.     0.780      0.00174
    50000.     0.800      0.00173
    50000.     0.820      0.00172
    50000.     0.840      0.00170
    50000.     0.860      0.00169
    50000.     0.880      0.00168
    50000.     0.900      0.00167
    55000.     0.100      0.00423
    55000.     0.200      0.00350
    55000.     0.300      0.00315
    55000.     0.400      0.00292
    55000.     0.500      0.00276
    55000.     0.600      0.00262
    55000.     0.700      0.00251
    55000.     0.750      0.00246
    55000.     0.780      0.00243
    55000.     0.800      0.00242
    55000.     0.820      0.00240
    55000.     0.840      0.00238
    55000.     0.860      0.00236
    55000.     0.880      0.00235
    55000.     0.900      0.00233
    60000.     0.100      0.00395
    60000.     0.200      0.00458
    60000.     0.300      0.00411
    60000.     0.400      0.00381
    60000.     0.500      0.00359
    60000.     0.600      0.00342
    60000.     0.700      0.00327
    60000.     0.750      0.00321
    60000.     0.780      0.00317
    60000.     0.800      0.00314
    60000.     0.820      0.00312
    60000.     0.840      0.00310
    60000.     0.860      0.00308
    60000.     0.880      0.00305
    60000.     0.900      0.00303
    65000.     0.100      0.00395
    65000.     0.200      0.00572
    65000.     0.300      0.00513
    65000.     0.400      0.00476
    65000.     0.500      0.00448
    65000.     0.600      0.00426
    65000.     0.700      0.00408
    65000.     0.750      0.00399
    65000.     0.780      0.00395
    65000.     0.800      0.00392
    65000.     0.820      0.00389
    65000.     0.840      0.00386
    65000.     0.860      0.00383
    65000.     0.880      0.00380
    65000.     0.900      0.00378
    70000.     0.100      0.00383
    70000.     0.200      0.00699
    70000.     0.300      0.00626
    70000.     0.400      0.00580
    70000.     0.500      0.00546
    70000.     0.600      0.00519
    70000.     0.700      0.00496
    70000.     0.750      0.00486
    70000.     0.780      0.00480
    70000.     0.800      0.00477
    70000.     0.820      0.00473
    70000.     0.840      0.00470
    70000.     0.860      0.00466
    70000.     0.880      0.00463
    70000.     0.900      0.00459
    75000.     0.100     -0.00334
    75000.     0.200      0.00677
    75000.     0.300      0.00747
    75000.     0.400      0.00691
    75000.     0.500      0.00650
    75000.     0.600      0.00617
    75000.     0.700      0.00590
    75000.     0.750      0.00578
    75000.     0.780      0.00572
    75000.     0.800      0.00567
    75000.     0.820      0.00563
    75000.     0.840      0.00559
    75000.     0.860      0.00555
    75000.     0.880      0.00551
    75000.     0.900      0.00547
    80000.     0.100     -0.00164
    80000.     0.200      0.00682
    80000.     0.300      0.00877
    80000.     0.400      0.00810
    80000.     0.500      0.00761
    80000.     0.600      0.00722
    80000.     0.700      0.00691
    80000.     0.750      0.00677
    80000.     0.780      0.00669
    80000.     0.800      0.00663
    80000.     0.820      0.00658
    80000.     0.840      0.00653
    80000.     0.860      0.00648
    80000.     0.880      0.00644
    80000.     0.900      0.00639
    85000.     0.100      0.00023
    85000.     0.200      0.00671
    85000.     0.300      0.00856
    85000.     0.400      0.00936
    85000.     0.500      0.00879
    85000.     0.600      0.00834
    85000.     0.700      0.00797
    85000.     0.750      0.00781
    85000.     0.780      0.00771
    85000.     0.800      0.00765
    85000.     0.820      0.00760
    85000.     0.840      0.00754
    85000.     0.860      0.00748
    85000.     0.880      0.00743
    85000.     0.900      0.00737
 *
 * DRAG POLARS
 *
 * REFERENCE_ALTITUDE       36000.0000000000     
 *
 * MACH        ALFA       CL        CD
 0.100        0.0000    0.0000    0.0312
 0.100        2.2326    0.2000    0.0319
 0.100        2.7908    0.2500    0.0325
 0.100        3.3489    0.3000    0.0333
 0.100        3.9071    0.3500    0.0346
 0.100        4.4653    0.4000    0.0362
 0.100        5.0234    0.4500    0.0381
 0.100        5.5816    0.5000    0.0402
 0.100        6.1397    0.5500    0.0424
 0.100        6.6979    0.6000    0.0455
 0.100        7.2560    0.6500    0.0490
 0.100        7.8142    0.7000    0.0531
 0.100        8.3724    0.7500    0.0577
 0.100        8.9305    0.8000    0.0627
 0.100        9.4887    0.8500    0.0692
 0.100       10.0468    0.9000    0.0759
 0.200        0.0000    0.0000    0.0279
 0.200        2.2326    0.2000    0.0285
 0.200        2.7908    0.2500    0.0291
 0.200        3.3489    0.3000    0.0300
 0.200        3.9071    0.3500    0.0313
 0.200        4.4653    0.4000    0.0328
 0.200        5.0234    0.4500    0.0347
 0.200        5.5816    0.5000    0.0368
 0.200        6.1397    0.5500    0.0390
 0.200        6.6979    0.6000    0.0422
 0.200        7.2560    0.6500    0.0457
 0.200        7.8142    0.7000    0.0498
 0.200        8.3724    0.7500    0.0543
 0.200        8.9305    0.8000    0.0594
 0.200        9.4887    0.8500    0.0659
 0.200       10.0468    0.9000    0.0726
 0.300        0.0000    0.0000    0.0261
 0.300        2.2326    0.2000    0.0268
 0.300        2.7908    0.2500    0.0274
 0.300        3.3489    0.3000    0.0282
 0.300        3.9071    0.3500    0.0295
 0.300        4.4653    0.4000    0.0310
 0.300        5.0234    0.4500    0.0330
 0.300        5.5816    0.5000    0.0351
 0.300        6.1397    0.5500    0.0373
 0.300        6.6979    0.6000    0.0404
 0.300        7.2560    0.6500    0.0439
 0.300        7.8142    0.7000    0.0480
 0.300        8.3724    0.7500    0.0526
 0.300        8.9305    0.8000    0.0576
 0.300        9.4887    0.8500    0.0641
 0.300       10.0468    0.9000    0.0708
 0.400        0.0000    0.0000    0.0249
 0.400        2.2326    0.2000    0.0256
 0.400        2.7908    0.2500    0.0262
 0.400        3.3489    0.3000    0.0270
 0.400        3.9071    0.3500    0.0283
 0.400        4.4653    0.4000    0.0298
 0.400        5.0234    0.4500    0.0318
 0.400        5.5816    0.5000    0.0339
 0.400        6.1397    0.5500    0.0361
 0.400        6.6979    0.6000    0.0392
 0.400        7.2560    0.6500    0.0427
 0.400        7.8142    0.7000    0.0468
 0.400        8.3724    0.7500    0.0514
 0.400        8.9305    0.8000    0.0564
 0.400        9.4887    0.8500    0.0629
 0.400       10.0468    0.9000    0.0696
 0.500        0.0000    0.0000    0.0240
 0.500        2.2326    0.2000    0.0246
 0.500        2.7908    0.2500    0.0252
 0.500        3.3489    0.3000    0.0261
 0.500        3.9071    0.3500    0.0274
 0.500        4.4653    0.4000    0.0289
 0.500        5.0234    0.4500    0.0309
 0.500        5.5816    0.5000    0.0329
 0.500        6.1397    0.5500    0.0352
 0.500        6.6979    0.6000    0.0383
 0.500        7.2560    0.6500    0.0418
 0.500        7.8142    0.7000    0.0459
 0.500        8.3724    0.7500    0.0505
 0.500        8.9305    0.8000    0.0555
 0.500        9.4887    0.8500    0.0620
 0.500       10.0468    0.9000    0.0687
 0.600        0.0000    0.0000    0.0232
 0.600        2.2326    0.2000    0.0239
 0.600        2.7908    0.2500    0.0245
 0.600        3.3489    0.3000    0.0253
 0.600        3.9071    0.3500    0.0266
 0.600        4.4653    0.4000    0.0281
 0.600        5.0234    0.4500    0.0301
 0.600        5.5816    0.5000    0.0322
 0.600        6.1397    0.5500    0.0344
 0.600        6.6979    0.6000    0.0375
 0.600        7.2560    0.6500    0.0410
 0.600        7.8142    0.7000    0.0451
 0.600        8.3724    0.7500    0.0497
 0.600        8.9305    0.8000    0.0547
 0.600        9.4887    0.8500    0.0612
 0.600       10.0468    0.9000    0.0679
 0.700        0.0000    0.0000    0.0230
 0.700        2.2326    0.2000    0.0236
 0.700        2.7908    0.2500    0.0242
 0.700        3.3489    0.3000    0.0250
 0.700        3.9071    0.3500    0.0263
 0.700        4.4653    0.4000    0.0279
 0.700        5.0234    0.4500    0.0298
 0.700        5.5816    0.5000    0.0319
 0.700        6.1397    0.5500    0.0341
 0.700        6.6979    0.6000    0.0372
 0.700        7.2560    0.6500    0.0407
 0.700        7.8142    0.7000    0.0448
 0.700        8.3724    0.7500    0.0494
 0.700        8.9305    0.8000    0.0544
 0.700        9.4887    0.8500    0.0609
 0.700       10.0468    0.9000    0.0676
 0.750        0.0000    0.0000    0.0232
 0.750        2.2326    0.2000    0.0236
 0.750        2.7908    0.2500    0.0242
 0.750        3.3489    0.3000    0.0250
 0.750        3.9071    0.3500    0.0264
 0.750        4.4653    0.4000    0.0279
 0.750        5.0234    0.4500    0.0298
 0.750        5.5816    0.5000    0.0319
 0.750        6.1397    0.5500    0.0342
 0.750        6.6979    0.6000    0.0372
 0.750        7.2560    0.6500    0.0407
 0.750        7.8142    0.7000    0.0448
 0.750        8.3724    0.7500    0.0494
 0.750        8.9305    0.8000    0.0544
 0.750        9.4887    0.8500    0.0609
 0.750       10.0468    0.9000    0.0676
 0.780        0.0000    0.0000    0.0234
 0.780        2.2326    0.2000    0.0238
 0.780        2.7908    0.2500    0.0243
 0.780        3.3489    0.3000    0.0251
 0.780        3.9071    0.3500    0.0265
 0.780        4.4653    0.4000    0.0281
 0.780        5.0234    0.4500    0.0299
 0.780        5.5816    0.5000    0.0320
 0.780        6.1397    0.5500    0.0343
 0.780        6.6979    0.6000    0.0373
 0.780        7.2560    0.6500    0.0407
 0.780        7.8142    0.7000    0.0448
 0.780        8.3724    0.7500    0.0495
 0.780        8.9305    0.8000    0.0545
 0.780        9.4887    0.8500    0.0611
 0.780       10.0468    0.9000    0.0678
 0.800        0.0000    0.0000    0.0238
 0.800        2.2326    0.2000    0.0240
 0.800        2.7908    0.2500    0.0245
 0.800        3.3489    0.3000    0.0252
 0.800        3.9071    0.3500    0.0267
 0.800        4.4653    0.4000    0.0283
 0.800        5.0234    0.4500    0.0302
 0.800        5.5816    0.5000    0.0322
 0.800        6.1397    0.5500    0.0346
 0.800        6.6979    0.6000    0.0375
 0.800        7.2560    0.6500    0.0409
 0.800        7.8142    0.7000    0.0453
 0.800        8.3724    0.7500    0.0500
 0.800        8.9305    0.8000    0.0552
 0.800        9.4887    0.8500    0.0619
 0.800       10.0468    0.9000    0.0687
 0.820        0.0000    0.0000    0.0245
 0.820        2.2326    0.2000    0.0244
 0.820        2.7908    0.2500    0.0249
 0.820        3.3489    0.3000    0.0256
 0.820        3.9071    0.3500    0.0271
 0.820        4.4653    0.4000    0.0287
 0.820        5.0234    0.4500    0.0306
 0.820        5.5816    0.5000    0.0327
 0.820        6.1397    0.5500    0.0351
 0.820        6.6979    0.6000    0.0385
 0.820        7.2560    0.6500    0.0423
 0.820        7.8142    0.7000    0.0470
 0.820        8.3724    0.7500    0.0522
 0.820        8.9305    0.8000    0.0577
 0.820        9.4887    0.8500    0.0642
 0.820       10.0468    0.9000    0.0708
 0.840        0.0000    0.0000    0.0259
 0.840        2.2326    0.2000    0.0254
 0.840        2.7908    0.2500    0.0257
 0.840        3.3489    0.3000    0.0263
 0.840        3.9071    0.3500    0.0279
 0.840        4.4653    0.4000    0.0297
 0.840        5.0234    0.4500    0.0316
 0.840        5.5816    0.5000    0.0338
 0.840        6.1397    0.5500    0.0365
 0.840        6.6979    0.6000    0.0404
 0.840        7.2560    0.6500    0.0448
 0.840        7.8142    0.7000    0.0497
 0.840        8.3724    0.7500    0.0555
 0.840        8.9305    0.8000    0.0616
 0.840        9.4887    0.8500    0.0683
 0.840       10.0468    0.9000    0.0752
 0.860        0.0000    0.0000    0.0285
 0.860        2.2326    0.2000    0.0272
 0.860        2.7908    0.2500    0.0274
 0.860        3.3489    0.3000    0.0279
 0.860        3.9071    0.3500    0.0297
 0.860        4.4653    0.4000    0.0317
 0.860        5.0234    0.4500    0.0340
 0.860        5.5816    0.5000    0.0366
 0.860        6.1397    0.5500    0.0407
 0.860        6.6979    0.6000    0.0455
 0.860        7.2560    0.6500    0.0507
 0.860        7.8142    0.7000    0.0561
 0.860        8.3724    0.7500    0.0622
 0.860        8.9305    0.8000    0.0685
 0.860        9.4887    0.8500    0.0752
 0.860       10.0468    0.9000    0.0821
 0.880        0.0000    0.0000    0.0533
 0.880        2.2326    0.2000    0.0500
 0.880        2.7908    0.2500    0.0496
 0.880        3.3489    0.3000    0.0498
 0.880        3.9071    0.3500    0.0521
 0.880        4.4653    0.4000    0.0547
 0.880        5.0234    0.4500    0.0584
 0.880        5.5816    0.5000    0.0626
 0.880        6.1397    0.5500    0.0684
 0.880        6.6979    0.6000    0.0740
 0.880        7.2560    0.6500    0.0802
 0.880        7.8142    0.7000    0.0865
 0.880        8.3724    0.7500    0.0926
 0.880        8.9305    0.8000    0.0989
 0.880        9.4887    0.8500    0.1054
 0.880       10.0468    0.9000    0.1121
 0.900        0.0000    0.0000    0.0619
 0.900        2.2326    0.2000    0.0559
 0.900        2.7908    0.2500    0.0548
 0.900        3.3489    0.3000    0.0546
 0.900        3.9071    0.3500    0.0574
 0.900        4.4653    0.4000    0.0608
 0.900        5.0234    0.4500    0.0667
 0.900        5.5816    0.5000    0.0729
 0.900        6.1397    0.5500    0.0799
 0.900        6.6979    0.6000    0.0863
 0.900        7.2560    0.6500    0.0934
 0.900        7.8142    0.7000    0.1008
 0.900        8.3724    0.7500    0.1068
 0.900        8.9305    0.8000    0.1130
 0.900        9.4887    0.8500    0.1194
 0.900       10.0468    0.9000    0.1260
 *
 *   MACH        CDF       CDC       BUFFET CL
     0.100   0.02993   0.00003     1.400
     0.200   0.02654   0.00006     1.400
     0.300   0.02474   0.00010     1.400
     0.400   0.02351   0.00013     1.325
     0.500   0.02255   0.00017     1.208
     0.600   0.02174   0.00020     1.088
     0.700   0.02102   0.00061     0.958
     0.750   0.02069   0.00092     0.875
     0.780   0.02050   0.00121     0.815
     0.800   0.02037   0.00149     0.775
     0.820   0.02025   0.00192     0.735
     0.840   0.02013   0.00273     0.683
     0.860   0.02001   0.00433     0.625
     0.880   0.01990   0.02629     0.565
     0.900   0.01978   0.03106     0.501
 *
 * INDUCED DRAG
 *  CL          CDi
 0.000        0.0000
 0.200        0.0014
 0.250        0.0022
 0.300        0.0031
 0.350        0.0043
 0.400        0.0056
 0.450        0.0070
 0.500        0.0087
 0.550        0.0105
 0.600        0.0125
 0.650        0.0147
 0.700        0.0170
 0.750        0.0195
 0.800        0.0222
 0.850        0.0251
 0.900        0.0281
 *
 * PRESSURE DRAG COEFFICIENTS...CDP
 * MACH        CL      DEL_CDP
 0.100        0.0000    0.0013
 0.100        0.2000    0.0005
 0.100        0.2500    0.0004
 0.100        0.3000    0.0002
 0.100        0.3500    0.0004
 0.100        0.4000    0.0006
 0.100        0.4500    0.0011
 0.100        0.5000    0.0015
 0.100        0.5500    0.0020
 0.100        0.6000    0.0031
 0.100        0.6500    0.0044
 0.100        0.7000    0.0061
 0.100        0.7500    0.0082
 0.100        0.8000    0.0105
 0.100        0.8500    0.0142
 0.100        0.9000    0.0179
 0.200        0.0000    0.0013
 0.200        0.2000    0.0005
 0.200        0.2500    0.0004
 0.200        0.3000    0.0002
 0.200        0.3500    0.0004
 0.200        0.4000    0.0006
 0.200        0.4500    0.0011
 0.200        0.5000    0.0015
 0.200        0.5500    0.0020
 0.200        0.6000    0.0031
 0.200        0.6500    0.0044
 0.200        0.7000    0.0061
 0.200        0.7500    0.0082
 0.200        0.8000    0.0105
 0.200        0.8500    0.0142
 0.200        0.9000    0.0179
 0.300        0.0000    0.0013
 0.300        0.2000    0.0005
 0.300        0.2500    0.0004
 0.300        0.3000    0.0002
 0.300        0.3500    0.0004
 0.300        0.4000    0.0006
 0.300        0.4500    0.0011
 0.300        0.5000    0.0015
 0.300        0.5500    0.0020
 0.300        0.6000    0.0031
 0.300        0.6500    0.0044
 0.300        0.7000    0.0061
 0.300        0.7500    0.0082
 0.300        0.8000    0.0105
 0.300        0.8500    0.0142
 0.300        0.9000    0.0179
 0.400        0.0000    0.0013
 0.400        0.2000    0.0005
 0.400        0.2500    0.0004
 0.400        0.3000    0.0002
 0.400        0.3500    0.0004
 0.400        0.4000    0.0006
 0.400        0.4500    0.0011
 0.400        0.5000    0.0015
 0.400        0.5500    0.0020
 0.400        0.6000    0.0031
 0.400        0.6500    0.0044
 0.400        0.7000    0.0061
 0.400        0.7500    0.0082
 0.400        0.8000    0.0105
 0.400        0.8500    0.0142
 0.400        0.9000    0.0179
 0.500        0.0000    0.0013
 0.500        0.2000    0.0005
 0.500        0.2500    0.0004
 0.500        0.3000    0.0002
 0.500        0.3500    0.0004
 0.500        0.4000    0.0006
 0.500        0.4500    0.0011
 0.500        0.5000    0.0015
 0.500        0.5500    0.0020
 0.500        0.6000    0.0031
 0.500        0.6500    0.0044
 0.500        0.7000    0.0061
 0.500        0.7500    0.0082
 0.500        0.8000    0.0105
 0.500        0.8500    0.0142
 0.500        0.9000    0.0179
 0.600        0.0000    0.0013
 0.600        0.2000    0.0005
 0.600        0.2500    0.0004
 0.600        0.3000    0.0002
 0.600        0.3500    0.0004
 0.600        0.4000    0.0006
 0.600        0.4500    0.0011
 0.600        0.5000    0.0015
 0.600        0.5500    0.0020
 0.600        0.6000    0.0031
 0.600        0.6500    0.0044
 0.600        0.7000    0.0061
 0.600        0.7500    0.0082
 0.600        0.8000    0.0105
 0.600        0.8500    0.0142
 0.600        0.9000    0.0179
 0.700        0.0000    0.0014
 0.700        0.2000    0.0006
 0.700        0.2500    0.0004
 0.700        0.3000    0.0002
 0.700        0.3500    0.0004
 0.700        0.4000    0.0007
 0.700        0.4500    0.0011
 0.700        0.5000    0.0016
 0.700        0.5500    0.0020
 0.700        0.6000    0.0031
 0.700        0.6500    0.0044
 0.700        0.7000    0.0061
 0.700        0.7500    0.0082
 0.700        0.8000    0.0105
 0.700        0.8500    0.0142
 0.700        0.9000    0.0179
 0.750        0.0000    0.0016
 0.750        0.2000    0.0007
 0.750        0.2500    0.0004
 0.750        0.3000    0.0002
 0.750        0.3500    0.0005
 0.750        0.4000    0.0008
 0.750        0.4500    0.0012
 0.750        0.5000    0.0016
 0.750        0.5500    0.0021
 0.750        0.6000    0.0031
 0.750        0.6500    0.0044
 0.750        0.7000    0.0061
 0.750        0.7500    0.0082
 0.750        0.8000    0.0105
 0.750        0.8500    0.0142
 0.750        0.9000    0.0179
 0.780        0.0000    0.0017
 0.780        0.2000    0.0007
 0.780        0.2500    0.0004
 0.780        0.3000    0.0002
 0.780        0.3500    0.0005
 0.780        0.4000    0.0008
 0.780        0.4500    0.0012
 0.780        0.5000    0.0016
 0.780        0.5500    0.0021
 0.780        0.6000    0.0031
 0.780        0.6500    0.0043
 0.780        0.7000    0.0061
 0.780        0.7500    0.0082
 0.780        0.8000    0.0106
 0.780        0.8500    0.0143
 0.780        0.9000    0.0180
 0.800        0.0000    0.0020
 0.800        0.2000    0.0008
 0.800        0.2500    0.0005
 0.800        0.3000    0.0003
 0.800        0.3500    0.0006
 0.800        0.4000    0.0009
 0.800        0.4500    0.0013
 0.800        0.5000    0.0017
 0.800        0.5500    0.0022
 0.800        0.6000    0.0031
 0.800        0.6500    0.0044
 0.800        0.7000    0.0064
 0.800        0.7500    0.0087
 0.800        0.8000    0.0112
 0.800        0.8500    0.0149
 0.800        0.9000    0.0187
 0.820        0.0000    0.0024
 0.820        0.2000    0.0009
 0.820        0.2500    0.0005
 0.820        0.3000    0.0003
 0.820        0.3500    0.0006
 0.820        0.4000    0.0010
 0.820        0.4500    0.0014
 0.820        0.5000    0.0018
 0.820        0.5500    0.0025
 0.820        0.6000    0.0038
 0.820        0.6500    0.0055
 0.820        0.7000    0.0078
 0.820        0.7500    0.0105
 0.820        0.8000    0.0133
 0.820        0.8500    0.0169
 0.820        0.9000    0.0205
 0.840        0.0000    0.0030
 0.840        0.2000    0.0011
 0.840        0.2500    0.0006
 0.840        0.3000    0.0003
 0.840        0.3500    0.0008
 0.840        0.4000    0.0013
 0.840        0.4500    0.0017
 0.840        0.5000    0.0023
 0.840        0.5500    0.0032
 0.840        0.6000    0.0051
 0.840        0.6500    0.0073
 0.840        0.7000    0.0098
 0.840        0.7500    0.0132
 0.840        0.8000    0.0165
 0.840        0.8500    0.0204
 0.840        0.9000    0.0242
 0.860        0.0000    0.0041
 0.860        0.2000    0.0015
 0.860        0.2500    0.0008
 0.860        0.3000    0.0004
 0.860        0.3500    0.0011
 0.860        0.4000    0.0018
 0.860        0.4500    0.0026
 0.860        0.5000    0.0036
 0.860        0.5500    0.0059
 0.860        0.6000    0.0086
 0.860        0.6500    0.0117
 0.860        0.7000    0.0147
 0.860        0.7500    0.0184
 0.860        0.8000    0.0220
 0.860        0.8500    0.0258
 0.860        0.9000    0.0296
 0.880        0.0000    0.0071
 0.880        0.2000    0.0024
 0.880        0.2500    0.0013
 0.880        0.3000    0.0005
 0.880        0.3500    0.0016
 0.880        0.4000    0.0030
 0.880        0.4500    0.0052
 0.880        0.5000    0.0078
 0.880        0.5500    0.0117
 0.880        0.6000    0.0153
 0.880        0.6500    0.0194
 0.880        0.7000    0.0233
 0.880        0.7500    0.0269
 0.880        0.8000    0.0305
 0.880        0.8500    0.0342
 0.880        0.9000    0.0378
 0.900        0.0000    0.0110
 0.900        0.2000    0.0037
 0.900        0.2500    0.0018
 0.900        0.3000    0.0006
 0.900        0.3500    0.0023
 0.900        0.4000    0.0044
 0.900        0.4500    0.0088
 0.900        0.5000    0.0134
 0.900        0.5500    0.0186
 0.900        0.6000    0.0229
 0.900        0.6500    0.0279
 0.900        0.7000    0.0330
 0.900        0.7500    0.0364
 0.900        0.8000    0.0399
 0.900        0.8500    0.0435
 0.900        0.9000    0.0471
 *END
